\BOOKMARK [1][-]{section*.1}{\376\377\000A\000M\000S\000I}{}% 1
\BOOKMARK [2][-]{section*.2}{\376\377\000I\000n\000t\000r\000o\000d\000u\000c\000t\000i\000o\000n}{section*.1}% 2
\BOOKMARK [2][-]{section*.3}{\376\377\000M\000o\000d\000\351\000l\000i\000s\000a\000t\000i\000o\000n\000\040\000d\000u\000\040\000p\000l\000a\000t\000e\000a\000u\000\040\000d\000e\000\040\000j\000e\000u}{section*.1}% 3
\BOOKMARK [3][-]{section*.4}{\376\377\000Q\000u\000e\000s\000t\000i\000o\000n\000\040\0005\000.\0001}{section*.3}% 4
\BOOKMARK [3][-]{section*.5}{\376\377\000Q\000u\000e\000s\000t\000i\000o\000n\000\040\0005\000.\0002}{section*.3}% 5
\BOOKMARK [3][-]{section*.6}{\376\377\000Q\000u\000e\000s\000t\000i\000o\000n\000\040\0005\000.\0003}{section*.3}% 6
\BOOKMARK [3][-]{section*.7}{\376\377\000Q\000u\000e\000s\000t\000i\000o\000n\000\040\0005\000.\0004}{section*.3}% 7
\BOOKMARK [2][-]{section*.8}{\376\377\000M\000o\000d\000\351\000l\000i\000s\000a\000t\000i\000o\000n\000\040\000d\000e\000\040\000P\000l\000a\000y}{section*.1}% 8
\BOOKMARK [3][-]{section*.9}{\376\377\000Q\000u\000e\000s\000t\000i\000o\000n\000\040\0005\000.\0005}{section*.8}% 9
\BOOKMARK [3][-]{section*.10}{\376\377\000Q\000u\000e\000s\000t\000i\000o\000n\000\040\0005\000.\0006}{section*.8}% 10
\BOOKMARK [3][-]{section*.11}{\376\377\000Q\000u\000e\000s\000t\000i\000o\000n\000\040\0005\000.\0007}{section*.8}% 11
\BOOKMARK [3][-]{section*.12}{\376\377\000Q\000u\000e\000s\000t\000i\000o\000n\000\040\0005\000.\0008}{section*.8}% 12
\BOOKMARK [3][-]{section*.13}{\376\377\000Q\000u\000e\000s\000t\000i\000o\000n\000\040\0005\000.\0009}{section*.8}% 13
\BOOKMARK [3][-]{section*.14}{\376\377\000Q\000u\000e\000s\000t\000i\000o\000n\000\040\0005\000.\0001\0000}{section*.8}% 14
\BOOKMARK [3][-]{section*.15}{\376\377\000Q\000u\000e\000s\000t\000i\000o\000n\000\040\0005\000.\0001\0001}{section*.8}% 15
\BOOKMARK [2][-]{section*.16}{\376\377\000M\000o\000d\000\351\000l\000i\000s\000a\000t\000i\000o\000n\000\040\000d\000e\000\040\000P\000l\000a\000y\000+}{section*.1}% 16
\BOOKMARK [3][-]{section*.17}{\376\377\000Q\000u\000e\000s\000t\000i\000o\000n\000\040\0005\000.\0001\0002}{section*.16}% 17
\BOOKMARK [3][-]{section*.18}{\376\377\000Q\000u\000e\000s\000t\000i\000o\000n\000\040\0005\000.\0001\0003}{section*.16}% 18
\BOOKMARK [3][-]{section*.19}{\376\377\000Q\000u\000e\000s\000t\000i\000o\000n\000\040\0005\000.\0001\0004}{section*.16}% 19
\BOOKMARK [3][-]{section*.20}{\376\377\000Q\000u\000e\000s\000t\000i\000o\000n\000\040\0005\000.\0001\0005}{section*.16}% 20
\BOOKMARK [3][-]{section*.21}{\376\377\000Q\000u\000e\000s\000t\000i\000o\000n\000\040\0005\000.\0001\0006}{section*.16}% 21
\BOOKMARK [3][-]{section*.22}{\376\377\000Q\000u\000e\000s\000t\000i\000o\000n\000\040\0005\000.\0001\0007}{section*.16}% 22
\BOOKMARK [3][-]{section*.23}{\376\377\000Q\000u\000e\000s\000t\000i\000o\000n\000\040\0005\000.\0001\0008}{section*.16}% 23
\BOOKMARK [3][-]{section*.24}{\376\377\000Q\000u\000e\000s\000t\000i\000o\000n\000\040\0005\000.\0001\0009}{section*.16}% 24
\BOOKMARK [3][-]{section*.25}{\376\377\000Q\000u\000e\000s\000t\000i\000o\000n\000\040\0005\000.\0002\0000}{section*.16}% 25
\BOOKMARK [3][-]{section*.26}{\376\377\000Q\000u\000e\000s\000t\000i\000o\000n\000\040\0005\000.\0002\0001}{section*.16}% 26
\BOOKMARK [3][-]{section*.27}{\376\377\000Q\000u\000e\000s\000t\000i\000o\000n\000\040\0005\000.\0002\0002}{section*.16}% 27
